2019-01-02 19:54:04.802  INFO 12796 --- [main] o.s.w.c.s.GenericWebApplicationContext   : Refreshing org.springframework.web.context.support.GenericWebApplicationContext@2d52216b: startup date [Wed Jan 02 19:54:04 CST 2019]; root of context hierarchy
2019-01-02 19:54:06.276  INFO 12796 --- [main] .s.d.r.c.RepositoryConfigurationDelegate : Multiple Spring Data modules found, entering strict repository configuration mode!
2019-01-02 19:54:09.263  INFO 12796 --- [main] s.w.s.m.m.a.RequestMappingHandlerAdapter : Looking for @ControllerAdvice: org.springframework.web.context.support.GenericWebApplicationContext@2d52216b: startup date [Wed Jan 02 19:54:04 CST 2019]; root of context hierarchy
2019-01-02 19:54:09.379  INFO 12796 --- [main] s.w.s.m.m.a.RequestMappingHandlerMapping : Mapped "{[ || /index]}" onto public java.lang.String com.xmy.controller.IndexController.getIndexPage()
2019-01-02 19:54:09.381  INFO 12796 --- [main] s.w.s.m.m.a.RequestMappingHandlerMapping : Mapped "{[/points]}" onto public java.util.Map<java.lang.String, java.lang.Object> com.xmy.controller.PointController.getPoints()
2019-01-02 19:54:09.382  INFO 12796 --- [main] s.w.s.m.m.a.RequestMappingHandlerMapping : Mapped "{[/renkou],methods=[GET]}" onto public java.util.Map<java.lang.String, java.lang.Object> com.xmy.controller.PointController.getRenkou()
2019-01-02 19:54:09.383  INFO 12796 --- [main] s.w.s.m.m.a.RequestMappingHandlerMapping : Mapped "{[/count],methods=[GET]}" onto public java.util.Map<java.lang.String, java.lang.Object> com.xmy.controller.PointController.getCount()
2019-01-02 19:54:09.383  INFO 12796 --- [main] s.w.s.m.m.a.RequestMappingHandlerMapping : Mapped "{[/get],methods=[GET]}" onto public java.util.Map<java.lang.String, java.lang.Object> com.xmy.controller.PointController.getInfo()
2019-01-02 19:54:09.386  INFO 12796 --- [main] s.w.s.m.m.a.RequestMappingHandlerMapping : Mapped "{[/error]}" onto public org.springframework.http.ResponseEntity<java.util.Map<java.lang.String, java.lang.Object>> org.springframework.boot.autoconfigure.web.BasicErrorController.error(javax.servlet.http.HttpServletRequest)
2019-01-02 19:54:09.387  INFO 12796 --- [main] s.w.s.m.m.a.RequestMappingHandlerMapping : Mapped "{[/error],produces=[text/html]}" onto public org.springframework.web.servlet.ModelAndView org.springframework.boot.autoconfigure.web.BasicErrorController.errorHtml(javax.servlet.http.HttpServletRequest,javax.servlet.http.HttpServletResponse)
2019-01-02 19:54:09.435  INFO 12796 --- [main] o.s.w.s.handler.SimpleUrlHandlerMapping  : Mapped URL path [/webjars/**] onto handler of type [class org.springframework.web.servlet.resource.ResourceHttpRequestHandler]
2019-01-02 19:54:09.436  INFO 12796 --- [main] o.s.w.s.handler.SimpleUrlHandlerMapping  : Mapped URL path [/**] onto handler of type [class org.springframework.web.servlet.resource.ResourceHttpRequestHandler]
2019-01-02 19:54:09.493  INFO 12796 --- [main] o.s.w.s.handler.SimpleUrlHandlerMapping  : Mapped URL path [/**/favicon.ico] onto handler of type [class org.springframework.web.servlet.resource.ResourceHttpRequestHandler]
2019-01-02 19:54:10.769  INFO 12796 --- [Thread-5] o.s.w.c.s.GenericWebApplicationContext   : Closing org.springframework.web.context.support.GenericWebApplicationContext@2d52216b: startup date [Wed Jan 02 19:54:04 CST 2019]; root of context hierarchy
2019-01-03 10:14:43.658  INFO 13597 --- [main] o.s.w.c.s.GenericWebApplicationContext   : Refreshing org.springframework.web.context.support.GenericWebApplicationContext@2d52216b: startup date [Thu Jan 03 10:14:43 CST 2019]; root of context hierarchy
2019-01-03 10:14:44.565  INFO 13597 --- [main] .s.d.r.c.RepositoryConfigurationDelegate : Multiple Spring Data modules found, entering strict repository configuration mode!
2019-01-03 10:14:47.260  INFO 13597 --- [main] s.w.s.m.m.a.RequestMappingHandlerAdapter : Looking for @ControllerAdvice: org.springframework.web.context.support.GenericWebApplicationContext@2d52216b: startup date [Thu Jan 03 10:14:43 CST 2019]; root of context hierarchy
2019-01-03 10:14:47.354  INFO 13597 --- [main] s.w.s.m.m.a.RequestMappingHandlerMapping : Mapped "{[ || /index]}" onto public java.lang.String com.xmy.controller.IndexController.getIndexPage()
2019-01-03 10:14:47.356  INFO 13597 --- [main] s.w.s.m.m.a.RequestMappingHandlerMapping : Mapped "{[/get],methods=[GET]}" onto public java.util.Map<java.lang.String, java.lang.Object> com.xmy.controller.PointController.getInfo()
2019-01-03 10:14:47.357  INFO 13597 --- [main] s.w.s.m.m.a.RequestMappingHandlerMapping : Mapped "{[/points]}" onto public java.util.Map<java.lang.String, java.lang.Object> com.xmy.controller.PointController.getPoints()
2019-01-03 10:14:47.358  INFO 13597 --- [main] s.w.s.m.m.a.RequestMappingHandlerMapping : Mapped "{[/renkou],methods=[GET]}" onto public java.util.Map<java.lang.String, java.lang.Object> com.xmy.controller.PointController.getRenkou()
2019-01-03 10:14:47.358  INFO 13597 --- [main] s.w.s.m.m.a.RequestMappingHandlerMapping : Mapped "{[/count],methods=[GET]}" onto public java.util.Map<java.lang.String, java.lang.Object> com.xmy.controller.PointController.getCount()
2019-01-03 10:14:47.362  INFO 13597 --- [main] s.w.s.m.m.a.RequestMappingHandlerMapping : Mapped "{[/error]}" onto public org.springframework.http.ResponseEntity<java.util.Map<java.lang.String, java.lang.Object>> org.springframework.boot.autoconfigure.web.BasicErrorController.error(javax.servlet.http.HttpServletRequest)
2019-01-03 10:14:47.363  INFO 13597 --- [main] s.w.s.m.m.a.RequestMappingHandlerMapping : Mapped "{[/error],produces=[text/html]}" onto public org.springframework.web.servlet.ModelAndView org.springframework.boot.autoconfigure.web.BasicErrorController.errorHtml(javax.servlet.http.HttpServletRequest,javax.servlet.http.HttpServletResponse)
2019-01-03 10:14:47.404  INFO 13597 --- [main] o.s.w.s.handler.SimpleUrlHandlerMapping  : Mapped URL path [/webjars/**] onto handler of type [class org.springframework.web.servlet.resource.ResourceHttpRequestHandler]
2019-01-03 10:14:47.405  INFO 13597 --- [main] o.s.w.s.handler.SimpleUrlHandlerMapping  : Mapped URL path [/**] onto handler of type [class org.springframework.web.servlet.resource.ResourceHttpRequestHandler]
2019-01-03 10:14:47.574  INFO 13597 --- [main] o.s.w.s.handler.SimpleUrlHandlerMapping  : Mapped URL path [/**/favicon.ico] onto handler of type [class org.springframework.web.servlet.resource.ResourceHttpRequestHandler]
2019-01-03 10:14:48.407  INFO 13597 --- [Thread-5] o.s.w.c.s.GenericWebApplicationContext   : Closing org.springframework.web.context.support.GenericWebApplicationContext@2d52216b: startup date [Thu Jan 03 10:14:43 CST 2019]; root of context hierarchy
2019-01-03 10:23:35.979  INFO 13654 --- [main] o.s.w.c.s.GenericWebApplicationContext   : Refreshing org.springframework.web.context.support.GenericWebApplicationContext@2d52216b: startup date [Thu Jan 03 10:23:35 CST 2019]; root of context hierarchy
2019-01-03 10:23:36.835  INFO 13654 --- [main] .s.d.r.c.RepositoryConfigurationDelegate : Multiple Spring Data modules found, entering strict repository configuration mode!
2019-01-03 10:23:38.920  INFO 13654 --- [main] s.w.s.m.m.a.RequestMappingHandlerAdapter : Looking for @ControllerAdvice: org.springframework.web.context.support.GenericWebApplicationContext@2d52216b: startup date [Thu Jan 03 10:23:35 CST 2019]; root of context hierarchy
2019-01-03 10:23:38.996  INFO 13654 --- [main] s.w.s.m.m.a.RequestMappingHandlerMapping : Mapped "{[ || /index]}" onto public java.lang.String com.xmy.controller.IndexController.getIndexPage()
2019-01-03 10:23:38.999  INFO 13654 --- [main] s.w.s.m.m.a.RequestMappingHandlerMapping : Mapped "{[/count],methods=[GET]}" onto public java.util.Map<java.lang.String, java.lang.Object> com.xmy.controller.PointController.getCount()
2019-01-03 10:23:39.000  INFO 13654 --- [main] s.w.s.m.m.a.RequestMappingHandlerMapping : Mapped "{[/get],methods=[GET]}" onto public java.util.Map<java.lang.String, java.lang.Object> com.xmy.controller.PointController.getInfo()
2019-01-03 10:23:39.001  INFO 13654 --- [main] s.w.s.m.m.a.RequestMappingHandlerMapping : Mapped "{[/points]}" onto public java.util.Map<java.lang.String, java.lang.Object> com.xmy.controller.PointController.getPoints()
2019-01-03 10:23:39.002  INFO 13654 --- [main] s.w.s.m.m.a.RequestMappingHandlerMapping : Mapped "{[/renkou],methods=[GET]}" onto public java.util.Map<java.lang.String, java.lang.Object> com.xmy.controller.PointController.getRenkou()
2019-01-03 10:23:39.005  INFO 13654 --- [main] s.w.s.m.m.a.RequestMappingHandlerMapping : Mapped "{[/error]}" onto public org.springframework.http.ResponseEntity<java.util.Map<java.lang.String, java.lang.Object>> org.springframework.boot.autoconfigure.web.BasicErrorController.error(javax.servlet.http.HttpServletRequest)
2019-01-03 10:23:39.007  INFO 13654 --- [main] s.w.s.m.m.a.RequestMappingHandlerMapping : Mapped "{[/error],produces=[text/html]}" onto public org.springframework.web.servlet.ModelAndView org.springframework.boot.autoconfigure.web.BasicErrorController.errorHtml(javax.servlet.http.HttpServletRequest,javax.servlet.http.HttpServletResponse)
2019-01-03 10:23:39.158  INFO 13654 --- [main] o.s.w.s.handler.SimpleUrlHandlerMapping  : Mapped URL path [/webjars/**] onto handler of type [class org.springframework.web.servlet.resource.ResourceHttpRequestHandler]
2019-01-03 10:23:39.158  INFO 13654 --- [main] o.s.w.s.handler.SimpleUrlHandlerMapping  : Mapped URL path [/**] onto handler of type [class org.springframework.web.servlet.resource.ResourceHttpRequestHandler]
2019-01-03 10:23:39.208  INFO 13654 --- [main] o.s.w.s.handler.SimpleUrlHandlerMapping  : Mapped URL path [/**/favicon.ico] onto handler of type [class org.springframework.web.servlet.resource.ResourceHttpRequestHandler]
2019-01-03 10:23:39.976  INFO 13654 --- [Thread-5] o.s.w.c.s.GenericWebApplicationContext   : Closing org.springframework.web.context.support.GenericWebApplicationContext@2d52216b: startup date [Thu Jan 03 10:23:35 CST 2019]; root of context hierarchy
2019-01-03 10:26:29.486  INFO 13679 --- [main] o.s.w.c.s.GenericWebApplicationContext   : Refreshing org.springframework.web.context.support.GenericWebApplicationContext@2d52216b: startup date [Thu Jan 03 10:26:29 CST 2019]; root of context hierarchy
2019-01-03 10:26:30.431  INFO 13679 --- [main] .s.d.r.c.RepositoryConfigurationDelegate : Multiple Spring Data modules found, entering strict repository configuration mode!
2019-01-03 10:26:32.488  INFO 13679 --- [main] s.w.s.m.m.a.RequestMappingHandlerAdapter : Looking for @ControllerAdvice: org.springframework.web.context.support.GenericWebApplicationContext@2d52216b: startup date [Thu Jan 03 10:26:29 CST 2019]; root of context hierarchy
2019-01-03 10:26:32.568  INFO 13679 --- [main] s.w.s.m.m.a.RequestMappingHandlerMapping : Mapped "{[ || /index]}" onto public java.lang.String com.xmy.controller.IndexController.getIndexPage()
2019-01-03 10:26:32.571  INFO 13679 --- [main] s.w.s.m.m.a.RequestMappingHandlerMapping : Mapped "{[/count],methods=[GET]}" onto public java.util.Map<java.lang.String, java.lang.Object> com.xmy.controller.PointController.getCount()
2019-01-03 10:26:32.572  INFO 13679 --- [main] s.w.s.m.m.a.RequestMappingHandlerMapping : Mapped "{[/points]}" onto public java.util.Map<java.lang.String, java.lang.Object> com.xmy.controller.PointController.getPoints()
2019-01-03 10:26:32.573  INFO 13679 --- [main] s.w.s.m.m.a.RequestMappingHandlerMapping : Mapped "{[/renkou],methods=[GET]}" onto public java.util.Map<java.lang.String, java.lang.Object> com.xmy.controller.PointController.getRenkou()
2019-01-03 10:26:32.582  INFO 13679 --- [main] s.w.s.m.m.a.RequestMappingHandlerMapping : Mapped "{[/get],methods=[GET]}" onto public java.util.Map<java.lang.String, java.lang.Object> com.xmy.controller.PointController.getInfo()
2019-01-03 10:26:32.586  INFO 13679 --- [main] s.w.s.m.m.a.RequestMappingHandlerMapping : Mapped "{[/error]}" onto public org.springframework.http.ResponseEntity<java.util.Map<java.lang.String, java.lang.Object>> org.springframework.boot.autoconfigure.web.BasicErrorController.error(javax.servlet.http.HttpServletRequest)
2019-01-03 10:26:32.587  INFO 13679 --- [main] s.w.s.m.m.a.RequestMappingHandlerMapping : Mapped "{[/error],produces=[text/html]}" onto public org.springframework.web.servlet.ModelAndView org.springframework.boot.autoconfigure.web.BasicErrorController.errorHtml(javax.servlet.http.HttpServletRequest,javax.servlet.http.HttpServletResponse)
2019-01-03 10:26:32.627  INFO 13679 --- [main] o.s.w.s.handler.SimpleUrlHandlerMapping  : Mapped URL path [/webjars/**] onto handler of type [class org.springframework.web.servlet.resource.ResourceHttpRequestHandler]
2019-01-03 10:26:32.628  INFO 13679 --- [main] o.s.w.s.handler.SimpleUrlHandlerMapping  : Mapped URL path [/**] onto handler of type [class org.springframework.web.servlet.resource.ResourceHttpRequestHandler]
2019-01-03 10:26:32.674  INFO 13679 --- [main] o.s.w.s.handler.SimpleUrlHandlerMapping  : Mapped URL path [/**/favicon.ico] onto handler of type [class org.springframework.web.servlet.resource.ResourceHttpRequestHandler]
2019-01-03 10:26:33.563  INFO 13679 --- [Thread-5] o.s.w.c.s.GenericWebApplicationContext   : Closing org.springframework.web.context.support.GenericWebApplicationContext@2d52216b: startup date [Thu Jan 03 10:26:29 CST 2019]; root of context hierarchy
2019-01-03 13:39:54.423  INFO 14142 --- [main] o.s.w.c.s.GenericWebApplicationContext   : Refreshing org.springframework.web.context.support.GenericWebApplicationContext@2d52216b: startup date [Thu Jan 03 13:39:54 CST 2019]; root of context hierarchy
2019-01-03 13:39:55.287  INFO 14142 --- [main] .s.d.r.c.RepositoryConfigurationDelegate : Multiple Spring Data modules found, entering strict repository configuration mode!
2019-01-03 13:39:57.917  INFO 14142 --- [main] s.w.s.m.m.a.RequestMappingHandlerAdapter : Looking for @ControllerAdvice: org.springframework.web.context.support.GenericWebApplicationContext@2d52216b: startup date [Thu Jan 03 13:39:54 CST 2019]; root of context hierarchy
2019-01-03 13:39:57.998  INFO 14142 --- [main] s.w.s.m.m.a.RequestMappingHandlerMapping : Mapped "{[ || /index]}" onto public java.lang.String com.xmy.controller.IndexController.getIndexPage()
2019-01-03 13:39:58.000  INFO 14142 --- [main] s.w.s.m.m.a.RequestMappingHandlerMapping : Mapped "{[/count],methods=[GET]}" onto public java.util.Map<java.lang.String, java.lang.Object> com.xmy.controller.PointController.getCount()
2019-01-03 13:39:58.001  INFO 14142 --- [main] s.w.s.m.m.a.RequestMappingHandlerMapping : Mapped "{[/points]}" onto public java.util.Map<java.lang.String, java.lang.Object> com.xmy.controller.PointController.getPoints()
2019-01-03 13:39:58.002  INFO 14142 --- [main] s.w.s.m.m.a.RequestMappingHandlerMapping : Mapped "{[/renkou],methods=[GET]}" onto public java.util.Map<java.lang.String, java.lang.Object> com.xmy.controller.PointController.getRenkou()
2019-01-03 13:39:58.002  INFO 14142 --- [main] s.w.s.m.m.a.RequestMappingHandlerMapping : Mapped "{[/get],methods=[GET]}" onto public java.util.Map<java.lang.String, java.lang.Object> com.xmy.controller.PointController.getInfo()
2019-01-03 13:39:58.005  INFO 14142 --- [main] s.w.s.m.m.a.RequestMappingHandlerMapping : Mapped "{[/error]}" onto public org.springframework.http.ResponseEntity<java.util.Map<java.lang.String, java.lang.Object>> org.springframework.boot.autoconfigure.web.BasicErrorController.error(javax.servlet.http.HttpServletRequest)
2019-01-03 13:39:58.006  INFO 14142 --- [main] s.w.s.m.m.a.RequestMappingHandlerMapping : Mapped "{[/error],produces=[text/html]}" onto public org.springframework.web.servlet.ModelAndView org.springframework.boot.autoconfigure.web.BasicErrorController.errorHtml(javax.servlet.http.HttpServletRequest,javax.servlet.http.HttpServletResponse)
2019-01-03 13:39:58.048  INFO 14142 --- [main] o.s.w.s.handler.SimpleUrlHandlerMapping  : Mapped URL path [/webjars/**] onto handler of type [class org.springframework.web.servlet.resource.ResourceHttpRequestHandler]
2019-01-03 13:39:58.049  INFO 14142 --- [main] o.s.w.s.handler.SimpleUrlHandlerMapping  : Mapped URL path [/**] onto handler of type [class org.springframework.web.servlet.resource.ResourceHttpRequestHandler]
2019-01-03 13:39:58.234  INFO 14142 --- [main] o.s.w.s.handler.SimpleUrlHandlerMapping  : Mapped URL path [/**/favicon.ico] onto handler of type [class org.springframework.web.servlet.resource.ResourceHttpRequestHandler]
2019-01-03 13:39:59.188  INFO 14142 --- [Thread-5] o.s.w.c.s.GenericWebApplicationContext   : Closing org.springframework.web.context.support.GenericWebApplicationContext@2d52216b: startup date [Thu Jan 03 13:39:54 CST 2019]; root of context hierarchy
